make -C inet makefiles
make[1]: Entering directory `/opt/veins-lte-master/inet'
cd src && opp_makemake -f --deep --make-so -o inet -O out -pINET -Xapplications/voipstream -Xtransport/tcp_lwip -Xtransport/tcp_nsc -DWITH_TCP_COMMON -DWITH_TCP_INET -DWITH_IPv4 -DWITH_IPv6 -DWITH_xMIPv6 -DWITH_UDP -DWITH_RTP -DWITH_SCTP -DWITH_DHCP -DWITH_ETHERNET -DWITH_PPP -DWITH_EXT_IF -DWITH_MPLS -DWITH_OSPFv2 -DWITH_BGPv4 -DWITH_TRACI -DWITH_MANET
Creating Makefile in /opt/veins-lte-master/inet/src...
Makefile created, running "make depend" to add dependencies...
make[2]: Entering directory `/opt/veins-lte-master/inet/src'
Creating dependencies...
make[2]: Leaving directory `/opt/veins-lte-master/inet/src'
make[1]: Leaving directory `/opt/veins-lte-master/inet'
make -C simulte makefiles
make[1]: Entering directory `/opt/veins-lte-master/simulte'
cd src && opp_makemake -f --deep --make-so -o lte -O out -I$\(INET_PROJ\)/src/world/obstacles -I$\(INET_PROJ\)/src/networklayer/contract -I$\(INET_PROJ\)/src/networklayer/autorouting/ipv4 -I$\(INET_PROJ\)/src/util -I$\(INET_PROJ\)/src/linklayer/radio/propagation -I$\(INET_PROJ\)/src/util/headerserializers/tcp -I$\(INET_PROJ\)/src/networklayer/ipv4 -I$\(INET_PROJ\)/src/mobility/contract -I$\(INET_PROJ\)/src/util/headerserializers/ipv4 -I$\(INET_PROJ\)/src/util/headerserializers -I$\(INET_PROJ\)/src/world/radio -I$\(INET_PROJ\)/src/transport/sctp -I$\(INET_PROJ\)/src/networklayer/ipv6 -I$\(INET_PROJ\)/src/networklayer/ipv6tunneling -I$\(INET_PROJ\)/src/applications/pingapp -I$\(INET_PROJ\)/src/util/headerserializers/ipv6 -I$\(INET_PROJ\)/src/util/headerserializers/sctp -I$\(INET_PROJ\)/src/transport/tcp_common -I$\(INET_PROJ\)/src/networklayer/arp -I$\(INET_PROJ\)/src/mobility/common -I$\(INET_PROJ\)/src/transport/udp -I$\(INET_PROJ\)/src/networklayer/common -I$\(INET_PROJ\)/src/networklayer/icmpv6 -I$\(INET_PROJ\)/src -I$\(INET_PROJ\)/src/networklayer/xmipv6 -I$\(INET_PROJ\)/src/transport/contract -I$\(INET_PROJ\)/src/status -I$\(INET_PROJ\)/src/mobility/static -I$\(INET_PROJ\)/src/linklayer/radio -I$\(INET_PROJ\)/src/base -I$\(INET_PROJ\)/src/util/headerserializers/udp -I$\(INET_PROJ\)/src/battery/models -I$\(INET_PROJ\)/src/linklayer/contract -L$\(INET_PROJ\)/out/$\(CONFIGNAME\)/src -linet -DINET_IMPORT -KINET_PROJ=../../inet
Creating Makefile in /opt/veins-lte-master/simulte/src...
Makefile created, running "make depend" to add dependencies...
make[2]: Entering directory `/opt/veins-lte-master/simulte/src'
Creating dependencies...
make[2]: Leaving directory `/opt/veins-lte-master/simulte/src'
make[1]: Leaving directory `/opt/veins-lte-master/simulte'
cd veins && ./configure --with-inet=../inet --with-simulte=../simulte
Creating Makefile in /opt/veins-lte-master/veins/src...
Makefile created, running "make depend" to add dependencies...
make[1]: Entering directory `/opt/veins-lte-master/veins/src'
Creating dependencies...
make[1]: Leaving directory `/opt/veins-lte-master/veins/src'
Configure done. You can now run "make".
